<?xml version="1.0" encoding="UTF-8"?>
<!-- Generated by org.testng.reporters.JUnitReportReporter -->
<testsuite hostname="Gi" name="runners.MainRunner" tests="2" failures="0" timestamp="12 Aug 2017 19:03:02 GMT" time="16.177" errors="0">
  <testcase name="feature" time="8.641" classname="runners.MainRunner"/>
  <testcase name="feature" time="7.536" classname="runners.MainRunner"/>
</testsuite> <!-- runners.MainRunner -->
