<?xml version="1.0" encoding="UTF-8"?>
<!-- Generated by org.testng.reporters.JUnitReportReporter -->
<testsuite hostname="Windows-Module.local" name="runners.MainRunner" tests="2" failures="0" timestamp="9 Jan 2021 20:28:15 GMT" time="11.082" errors="0">
  <testcase name="feature" time="4.910" classname="runners.MainRunner"/>
  <testcase name="feature" time="6.172" classname="runners.MainRunner"/>
</testsuite> <!-- runners.MainRunner -->
